<?xml version="1.0" encoding="utf-8"?>
<shfbBuild product="Sandcastle Help File Builder" version="2014.4.22.0" projectFile="C:\Users\Joseph\Google Drive\Dropbox\GitHub\XDataFiWebService\XdataFioffline\docSandCastel\DocInterface\DocInterface.shfbproj" started="30/05/2014 19:39:46">
<buildStep step="Initializing">
Finding tools...
The Sandcastle tools are located in &#39;C:\Program Files (x86)\EWSoftware\Sandcastle Help File Builder\&#39;
Locating components in the following folder(s):
   C:\Users\Joseph\Google Drive\Dropbox\GitHub\XDataFiWebService\XdataFioffline\docSandCastel\DocInterface
Using presentation style &#39;VS2005&#39; located in &#39;C:\Program Files (x86)\EWSoftware\Sandcastle Help File Builder\PresentationStyles\VS2005&#39;
</buildStep>
<buildStep step="ValidatingDocumentationSources">
Validating and copying documentation source information
Source: C:\Users\Joseph\Google Drive\Dropbox\GitHub\XDataFiWebService\XdataFioffline\Interface\AppliFiMag\bin\Release\AppliFiMag.exe
    Found assembly &#39;C:\Users\Joseph\Google Drive\Dropbox\GitHub\XDataFiWebService\XdataFioffline\Interface\AppliFiMag\bin\Release\AppliFiMag.exe&#39;
Source: C:\Users\Joseph\Google Drive\Dropbox\GitHub\XDataFiWebService\XdataFioffline\Interface\AppliFiMag\bin\Release\AppliFiMag.XML
Source: C:\Users\Joseph\Google Drive\Dropbox\GitHub\XDataFiWebService\XdataFioffline\Interface\AppliFiMag\bin\Release\AssetList.xml

Copying XML comments files
    C:\Users\Joseph\Google Drive\Dropbox\GitHub\XDataFiWebService\XdataFioffline\Interface\AppliFiMag\bin\Release\AppliFiMag.XML -&gt; C:\Users\Joseph\Google Drive\Dropbox\GitHub\XDataFiWebService\XdataFioffline\docSandCastel\DocInterface\Help\Working\AppliFiMag.XML
SHFB: Warning BE0005: File &#39;C:\Users\Joseph\Google Drive\Dropbox\GitHub\XDataFiWebService\XdataFioffline\Interface\AppliFiMag\bin\Release\AssetList.xml&#39; does not contain a &#39;doc/members&#39; node and will not be used as an XML comments file.
</buildStep>
<buildStep step="GenerateSharedContent">
Generating shared content files (en-US, Anglais (&#201;tats-Unis))...
    Last step completed in 00:00:00.0280
</buildStep>
<buildStep step="GenerateApiFilter">
Generating API filter for MRefBuilder...
    Last step completed in 00:00:00.0110
</buildStep>
<buildStep step="GenerateReflectionInfo">
Generating reflection information...
[C:\Windows\Microsoft.NET\Framework64\v4.0.30319\MSBuild.exe]
La g‚n‚ration a d‚marr‚ 30/05/2014 19:39:47.
Projet &quot;C:\Users\Joseph\Google Drive\Dropbox\GitHub\XDataFiWebService\XdataFioffline\docSandCastel\DocInterface\Help\Working\GenerateRefInfo.proj&quot; sur le noud 1 (cibles par d‚faut).
PrepareForBuild:
  Cr‚ation du r‚pertoire &quot;obj\Debug\&quot;.
GenerateRefInfo:
  MRefBuilder (v2014.1.26.0)
  Copyright &#184; 2006-2014, Microsoft Corporation, All Rights Reserved.
  Portions Copyright &#184; 2006-2014, Eric Woodruff, All Rights Reserved.
  Loaded 1 assemblies for reflection and 1 dependency assemblies.
  Wrote information on 1 namespaces, 22 types, and 73 members
  Copie du fichier de &quot;reflection.org&quot; vers &quot;reflection.all&quot;.
  XslTransform (v2014.1.26.0)
  Copyright &#184; 2006-2014, Microsoft Corporation, All Rights Reserved.
  Portions Copyright &#184; 2006-2014, Eric Woodruff, All Rights Reserved.
  Applying XSL transformation &#39;C:\Program Files (x86)\EWSoftware\Sandcastle Help File Builder\ProductionTransforms\MergeDuplicates.xsl&#39;.
G‚n‚ration du projet &quot;C:\Users\Joseph\Google Drive\Dropbox\GitHub\XDataFiWebService\XdataFioffline\docSandCastel\DocInterface\Help\Working\GenerateRefInfo.proj&quot; termin‚e (cibles par d‚faut).

La g‚n‚ration a r‚ussi.

Temps ‚coul‚ 00:00:04.03
    Last step completed in 00:00:04.8913
</buildStep>
<buildStep step="TransformReflectionInfo">
Transforming reflection output...
[C:\Windows\Microsoft.NET\Framework64\v4.0.30319\MSBuild.exe]
La g‚n‚ration a d‚marr‚ 30/05/2014 19:39:52.
Projet &quot;C:\Users\Joseph\Google Drive\Dropbox\GitHub\XDataFiWebService\XdataFioffline\docSandCastel\DocInterface\Help\Working\TransformManifest.proj&quot; sur le noud 1 (cibles par d‚faut).
TransformManifest:
  XslTransform (v2014.1.26.0)
  Copyright &#184; 2006-2014, Microsoft Corporation, All Rights Reserved.
  Portions Copyright &#184; 2006-2014, Eric Woodruff, All Rights Reserved.
  Applying XSL transformation &#39;C:\Program Files (x86)\EWSoftware\Sandcastle Help File Builder\\ProductionTransforms\ApplyVSDocModel.xsl&#39;.
  Copie du fichier de &quot;reflection.xml&quot; vers &quot;reflection.nofilenames&quot;.
  XslTransform (v2014.1.26.0)
  Copyright &#184; 2006-2014, Microsoft Corporation, All Rights Reserved.
  Portions Copyright &#184; 2006-2014, Eric Woodruff, All Rights Reserved.
  Applying XSL transformation &#39;C:\Program Files (x86)\EWSoftware\Sandcastle Help File Builder\ProductionTransforms\AddFilenames.xsl&#39;.
  XslTransform (v2014.1.26.0)
  Copyright &#184; 2006-2014, Microsoft Corporation, All Rights Reserved.
  Portions Copyright &#184; 2006-2014, Eric Woodruff, All Rights Reserved.
  Applying XSL transformation &#39;C:\Program Files (x86)\EWSoftware\Sandcastle Help File Builder\ProductionTransforms\ReflectionToManifest.xsl&#39;.
G‚n‚ration du projet &quot;C:\Users\Joseph\Google Drive\Dropbox\GitHub\XDataFiWebService\XdataFioffline\docSandCastel\DocInterface\Help\Working\TransformManifest.proj&quot; termin‚e (cibles par d‚faut).

La g‚n‚ration a r‚ussi.

Temps ‚coul‚ 00:00:07.40
    Last step completed in 00:00:08.4025
</buildStep>
<buildStep step="GenerateNamespaceSummaries">
Generating namespace summary information...
    Last step completed in 00:00:00.1220
</buildStep>
<buildStep step="CopyAdditionalContent">
Copying additional content files...
No additional content to copy
    Last step completed in 00:00:00.0020
</buildStep>
<buildStep step="MergeTablesOfContents">
Merging conceptual and additional tables of contents...
    Last step completed in 00:00:00.0030
</buildStep>
<buildStep step="GenerateIntermediateTableOfContents">
Generating intermediate table of contents file...
[C:\Windows\Microsoft.NET\Framework64\v4.0.30319\MSBuild.exe]
La g‚n‚ration a d‚marr‚ 30/05/2014 19:40:01.
Projet &quot;C:\Users\Joseph\Google Drive\Dropbox\GitHub\XDataFiWebService\XdataFioffline\docSandCastel\DocInterface\Help\Working\GenerateIntermediateTOC.proj&quot; sur le noud 1 (cibles par d‚faut).
GenerateIntermediateTOC:
  XslTransform (v2014.1.26.0)
  Copyright &#184; 2006-2014, Microsoft Corporation, All Rights Reserved.
  Portions Copyright &#184; 2006-2014, Eric Woodruff, All Rights Reserved.
  Applying XSL transformation &#39;C:\Program Files (x86)\EWSoftware\Sandcastle Help File Builder\\ProductionTransforms\CreateVSToc.xsl&#39;.
G‚n‚ration du projet &quot;C:\Users\Joseph\Google Drive\Dropbox\GitHub\XDataFiWebService\XdataFioffline\docSandCastel\DocInterface\Help\Working\GenerateIntermediateTOC.proj&quot; termin‚e (cibles par d‚faut).

La g‚n‚ration a r‚ussi.

Temps ‚coul‚ 00:00:02.11
Generating conceptual content intermediate TOC file...
    Last step completed in 00:00:03.0702
</buildStep>
<buildStep step="CreateBuildAssemblerConfigs">
Creating Sandcastle configuration files...
    sandcastle.config
    Last step completed in 00:00:00.3150
</buildStep>
<buildStep step="MergeCustomConfigs">
Merging custom build component configurations
C:\Users\Joseph\Google Drive\Dropbox\GitHub\XDataFiWebService\XdataFioffline\docSandCastel\DocInterface\Help\Working\sandcastle.config
    Last step completed in 00:00:00.0660
</buildStep>
<buildStep step="BuildReferenceTopics">
Building reference help topics...
[C:\Windows\Microsoft.NET\Framework64\v4.0.30319\MSBuild.exe]
La g‚n‚ration a d‚marr‚ 30/05/2014 19:40:04.
Projet &quot;C:\Users\Joseph\Google Drive\Dropbox\GitHub\XDataFiWebService\XdataFioffline\docSandCastel\DocInterface\Help\Working\BuildReferenceTopics.proj&quot; sur le noud 1 (cibles par d‚faut).
BuildReferenceTopics:
  BuildAssembler (v2014.1.26.0)
  Copyright &#184; 2006-2014, Microsoft Corporation, All Rights Reserved.
  Portions Copyright &#184; 2006-2014, Eric Woodruff, All Rights Reserved.
  Loading configuration...
  ResolveReferenceLinksComponent: The MSDN content ID cache &#39;C:\Users\Joseph\AppData\Local\EWSoftware\Sandcastle Help File Builder\Cache\MsdnContentId.cache&#39; does not exist yet.  All IDs will be looked up in this build which will slow it down.
  Processing topics...
BuildAssembler : warning : ShowMissingComponent: [N:AppliFiMag] Missing &lt;summary&gt; documentation [C:\Users\Joseph\Google Drive\Dropbox\GitHub\XDataFiWebService\XdataFioffline\docSandCastel\DocInterface\Help\Working\BuildReferenceTopics.proj]
BuildAssembler : warning : ShowMissingComponent: [P:AppliFiMag.AssetList.Doc] Missing &lt;summary&gt; documentation [C:\Users\Joseph\Google Drive\Dropbox\GitHub\XDataFiWebService\XdataFioffline\docSandCastel\DocInterface\Help\Working\BuildReferenceTopics.proj]
BuildAssembler : warning : ShowMissingComponent: [M:AppliFiMag.AssetList.Init] Missing &lt;summary&gt; documentation [C:\Users\Joseph\Google Drive\Dropbox\GitHub\XDataFiWebService\XdataFioffline\docSandCastel\DocInterface\Help\Working\BuildReferenceTopics.proj]
BuildAssembler : warning : ShowMissingComponent: [P:AppliFiMag.AssetList.Instance] Missing &lt;summary&gt; documentation [C:\Users\Joseph\Google Drive\Dropbox\GitHub\XDataFiWebService\XdataFioffline\docSandCastel\DocInterface\Help\Working\BuildReferenceTopics.proj]
BuildAssembler : warning : ShowMissingComponent: [T:AppliFiMag.CmdAjoutCurr] Missing &lt;summary&gt; documentation [C:\Users\Joseph\Google Drive\Dropbox\GitHub\XDataFiWebService\XdataFioffline\docSandCastel\DocInterface\Help\Working\BuildReferenceTopics.proj]
BuildAssembler : warning : ShowMissingComponent: [M:AppliFiMag.CmdAjoutCurr.CanExecute(System.Object)] Missing &lt;summary&gt; documentation [C:\Users\Joseph\Google Drive\Dropbox\GitHub\XDataFiWebService\XdataFioffline\docSandCastel\DocInterface\Help\Working\BuildReferenceTopics.proj]
BuildAssembler : warning : ShowMissingComponent: [M:AppliFiMag.CmdAjoutCurr.CanExecute(System.Object)] Missing &lt;returns&gt; documentation [C:\Users\Joseph\Google Drive\Dropbox\GitHub\XDataFiWebService\XdataFioffline\docSandCastel\DocInterface\Help\Working\BuildReferenceTopics.proj]
BuildAssembler : warning : ShowMissingComponent: [M:AppliFiMag.CmdAjoutCurr.CanExecute(System.Object)] Missing &lt;param name=&quot;parameter&quot;/&gt; documentation [C:\Users\Joseph\Google Drive\Dropbox\GitHub\XDataFiWebService\XdataFioffline\docSandCastel\DocInterface\Help\Working\BuildReferenceTopics.proj]
BuildAssembler : warning : ShowMissingComponent: [E:AppliFiMag.CmdAjoutCurr.CanExecuteChanged] Missing &lt;summary&gt; documentation [C:\Users\Joseph\Google Drive\Dropbox\GitHub\XDataFiWebService\XdataFioffline\docSandCastel\DocInterface\Help\Working\BuildReferenceTopics.proj]
BuildAssembler : warning : ShowMissingComponent: [M:AppliFiMag.CmdAjoutCurr.Execute(System.Object)] Missing &lt;summary&gt; documentation [C:\Users\Joseph\Google Drive\Dropbox\GitHub\XDataFiWebService\XdataFioffline\docSandCastel\DocInterface\Help\Working\BuildReferenceTopics.proj]
BuildAssembler : warning : ShowMissingComponent: [M:AppliFiMag.CmdAjoutCurr.Execute(System.Object)] Missing &lt;param name=&quot;parameter&quot;/&gt; documentation [C:\Users\Joseph\Google Drive\Dropbox\GitHub\XDataFiWebService\XdataFioffline\docSandCastel\DocInterface\Help\Working\BuildReferenceTopics.proj]
BuildAssembler : warning : ShowMissingComponent: [T:AppliFiMag.CmdAjoutData] Missing &lt;summary&gt; documentation [C:\Users\Joseph\Google Drive\Dropbox\GitHub\XDataFiWebService\XdataFioffline\docSandCastel\DocInterface\Help\Working\BuildReferenceTopics.proj]
BuildAssembler : warning : ShowMissingComponent: [M:AppliFiMag.CmdAjoutData.#ctor(AppliFiMag.MainVM)] Missing &lt;param name=&quot;vm&quot;/&gt; documentation [C:\Users\Joseph\Google Drive\Dropbox\GitHub\XDataFiWebService\XdataFioffline\docSandCastel\DocInterface\Help\Working\BuildReferenceTopics.proj]
BuildAssembler : warning : ShowMissingComponent: [M:AppliFiMag.CmdAjoutData.CanExecute(System.Object)] Missing &lt;summary&gt; documentation [C:\Users\Joseph\Google Drive\Dropbox\GitHub\XDataFiWebService\XdataFioffline\docSandCastel\DocInterface\Help\Working\BuildReferenceTopics.proj]
BuildAssembler : warning : ShowMissingComponent: [M:AppliFiMag.CmdAjoutData.CanExecute(System.Object)] Missing &lt;returns&gt; documentation [C:\Users\Joseph\Google Drive\Dropbox\GitHub\XDataFiWebService\XdataFioffline\docSandCastel\DocInterface\Help\Working\BuildReferenceTopics.proj]
BuildAssembler : warning : ShowMissingComponent: [M:AppliFiMag.CmdAjoutData.CanExecute(System.Object)] Missing &lt;param name=&quot;parameter&quot;/&gt; documentation [C:\Users\Joseph\Google Drive\Dropbox\GitHub\XDataFiWebService\XdataFioffline\docSandCastel\DocInterface\Help\Working\BuildReferenceTopics.proj]
BuildAssembler : warning : ShowMissingComponent: [E:AppliFiMag.CmdAjoutData.CanExecuteChanged] Missing &lt;summary&gt; documentation [C:\Users\Joseph\Google Drive\Dropbox\GitHub\XDataFiWebService\XdataFioffline\docSandCastel\DocInterface\Help\Working\BuildReferenceTopics.proj]
BuildAssembler : warning : ShowMissingComponent: [M:AppliFiMag.CmdAjoutData.Execute(System.Object)] Missing &lt;summary&gt; documentation [C:\Users\Joseph\Google Drive\Dropbox\GitHub\XDataFiWebService\XdataFioffline\docSandCastel\DocInterface\Help\Working\BuildReferenceTopics.proj]
BuildAssembler : warning : ShowMissingComponent: [M:AppliFiMag.CmdAjoutData.Execute(System.Object)] Missing &lt;param name=&quot;parameter&quot;/&gt; documentation [C:\Users\Joseph\Google Drive\Dropbox\GitHub\XDataFiWebService\XdataFioffline\docSandCastel\DocInterface\Help\Working\BuildReferenceTopics.proj]
BuildAssembler : warning : ShowMissingComponent: [T:AppliFiMag.CmdAjoutRate] Missing &lt;summary&gt; documentation [C:\Users\Joseph\Google Drive\Dropbox\GitHub\XDataFiWebService\XdataFioffline\docSandCastel\DocInterface\Help\Working\BuildReferenceTopics.proj]
BuildAssembler : warning : ShowMissingComponent: [M:AppliFiMag.CmdAjoutRate.CanExecute(System.Object)] Missing &lt;summary&gt; documentation [C:\Users\Joseph\Google Drive\Dropbox\GitHub\XDataFiWebService\XdataFioffline\docSandCastel\DocInterface\Help\Working\BuildReferenceTopics.proj]
BuildAssembler : warning : ShowMissingComponent: [M:AppliFiMag.CmdAjoutRate.CanExecute(System.Object)] Missing &lt;returns&gt; documentation [C:\Users\Joseph\Google Drive\Dropbox\GitHub\XDataFiWebService\XdataFioffline\docSandCastel\DocInterface\Help\Working\BuildReferenceTopics.proj]
BuildAssembler : warning : ShowMissingComponent: [M:AppliFiMag.CmdAjoutRate.CanExecute(System.Object)] Missing &lt;param name=&quot;parameter&quot;/&gt; documentation [C:\Users\Joseph\Google Drive\Dropbox\GitHub\XDataFiWebService\XdataFioffline\docSandCastel\DocInterface\Help\Working\BuildReferenceTopics.proj]
BuildAssembler : warning : ShowMissingComponent: [E:AppliFiMag.CmdAjoutRate.CanExecuteChanged] Missing &lt;summary&gt; documentation [C:\Users\Joseph\Google Drive\Dropbox\GitHub\XDataFiWebService\XdataFioffline\docSandCastel\DocInterface\Help\Working\BuildReferenceTopics.proj]
BuildAssembler : warning : ShowMissingComponent: [M:AppliFiMag.CmdAjoutRate.Execute(System.Object)] Missing &lt;summary&gt; documentation [C:\Users\Joseph\Google Drive\Dropbox\GitHub\XDataFiWebService\XdataFioffline\docSandCastel\DocInterface\Help\Working\BuildReferenceTopics.proj]
BuildAssembler : warning : ShowMissingComponent: [M:AppliFiMag.CmdAjoutRate.Execute(System.Object)] Missing &lt;param name=&quot;parameter&quot;/&gt; documentation [C:\Users\Joseph\Google Drive\Dropbox\GitHub\XDataFiWebService\XdataFioffline\docSandCastel\DocInterface\Help\Working\BuildReferenceTopics.proj]
BuildAssembler : warning : ShowMissingComponent: [T:AppliFiMag.CmdAjoutRT] Missing &lt;summary&gt; documentation [C:\Users\Joseph\Google Drive\Dropbox\GitHub\XDataFiWebService\XdataFioffline\docSandCastel\DocInterface\Help\Working\BuildReferenceTopics.proj]
BuildAssembler : warning : ShowMissingComponent: [M:AppliFiMag.CmdAjoutRT.#ctor(AppliFiMag.MainVM)] Missing &lt;param name=&quot;vm&quot;/&gt; documentation [C:\Users\Joseph\Google Drive\Dropbox\GitHub\XDataFiWebService\XdataFioffline\docSandCastel\DocInterface\Help\Working\BuildReferenceTopics.proj]
BuildAssembler : warning : ShowMissingComponent: [M:AppliFiMag.CmdAjoutRT.CanExecute(System.Object)] Missing &lt;summary&gt; documentation [C:\Users\Joseph\Google Drive\Dropbox\GitHub\XDataFiWebService\XdataFioffline\docSandCastel\DocInterface\Help\Working\BuildReferenceTopics.proj]
BuildAssembler : warning : ShowMissingComponent: [M:AppliFiMag.CmdAjoutRT.CanExecute(System.Object)] Missing &lt;returns&gt; documentation [C:\Users\Joseph\Google Drive\Dropbox\GitHub\XDataFiWebService\XdataFioffline\docSandCastel\DocInterface\Help\Working\BuildReferenceTopics.proj]
BuildAssembler : warning : ShowMissingComponent: [M:AppliFiMag.CmdAjoutRT.CanExecute(System.Object)] Missing &lt;param name=&quot;parameter&quot;/&gt; documentation [C:\Users\Joseph\Google Drive\Dropbox\GitHub\XDataFiWebService\XdataFioffline\docSandCastel\DocInterface\Help\Working\BuildReferenceTopics.proj]
BuildAssembler : warning : ShowMissingComponent: [E:AppliFiMag.CmdAjoutRT.CanExecuteChanged] Missing &lt;summary&gt; documentation [C:\Users\Joseph\Google Drive\Dropbox\GitHub\XDataFiWebService\XdataFioffline\docSandCastel\DocInterface\Help\Working\BuildReferenceTopics.proj]
BuildAssembler : warning : ShowMissingComponent: [M:AppliFiMag.CmdAjoutRT.Execute(System.Object)] Missing &lt;summary&gt; documentation [C:\Users\Joseph\Google Drive\Dropbox\GitHub\XDataFiWebService\XdataFioffline\docSandCastel\DocInterface\Help\Working\BuildReferenceTopics.proj]
BuildAssembler : warning : ShowMissingComponent: [M:AppliFiMag.CmdAjoutRT.Execute(System.Object)] Missing &lt;param name=&quot;parameter&quot;/&gt; documentation [C:\Users\Joseph\Google Drive\Dropbox\GitHub\XDataFiWebService\XdataFioffline\docSandCastel\DocInterface\Help\Working\BuildReferenceTopics.proj]
BuildAssembler : warning : ShowMissingComponent: [T:AppliFiMag.CmdAjoutXML] Missing &lt;summary&gt; documentation [C:\Users\Joseph\Google Drive\Dropbox\GitHub\XDataFiWebService\XdataFioffline\docSandCastel\DocInterface\Help\Working\BuildReferenceTopics.proj]
BuildAssembler : warning : ShowMissingComponent: [M:AppliFiMag.CmdAjoutXML.CanExecute(System.Object)] Missing &lt;summary&gt; documentation [C:\Users\Joseph\Google Drive\Dropbox\GitHub\XDataFiWebService\XdataFioffline\docSandCastel\DocInterface\Help\Working\BuildReferenceTopics.proj]
BuildAssembler : warning : ShowMissingComponent: [M:AppliFiMag.CmdAjoutXML.CanExecute(System.Object)] Missing &lt;returns&gt; documentation [C:\Users\Joseph\Google Drive\Dropbox\GitHub\XDataFiWebService\XdataFioffline\docSandCastel\DocInterface\Help\Working\BuildReferenceTopics.proj]
BuildAssembler : warning : ShowMissingComponent: [M:AppliFiMag.CmdAjoutXML.CanExecute(System.Object)] Missing &lt;param name=&quot;parameter&quot;/&gt; documentation [C:\Users\Joseph\Google Drive\Dropbox\GitHub\XDataFiWebService\XdataFioffline\docSandCastel\DocInterface\Help\Working\BuildReferenceTopics.proj]
BuildAssembler : warning : ShowMissingComponent: [E:AppliFiMag.CmdAjoutXML.CanExecuteChanged] Missing &lt;summary&gt; documentation [C:\Users\Joseph\Google Drive\Dropbox\GitHub\XDataFiWebService\XdataFioffline\docSandCastel\DocInterface\Help\Working\BuildReferenceTopics.proj]
BuildAssembler : warning : ShowMissingComponent: [M:AppliFiMag.CmdAjoutXML.Execute(System.Object)] Missing &lt;summary&gt; documentation [C:\Users\Joseph\Google Drive\Dropbox\GitHub\XDataFiWebService\XdataFioffline\docSandCastel\DocInterface\Help\Working\BuildReferenceTopics.proj]
BuildAssembler : warning : ShowMissingComponent: [M:AppliFiMag.CmdAjoutXML.Execute(System.Object)] Missing &lt;param name=&quot;parameter&quot;/&gt; documentation [C:\Users\Joseph\Google Drive\Dropbox\GitHub\XDataFiWebService\XdataFioffline\docSandCastel\DocInterface\Help\Working\BuildReferenceTopics.proj]
BuildAssembler : warning : ShowMissingComponent: [T:AppliFiMag.CmdExport] Missing &lt;summary&gt; documentation [C:\Users\Joseph\Google Drive\Dropbox\GitHub\XDataFiWebService\XdataFioffline\docSandCastel\DocInterface\Help\Working\BuildReferenceTopics.proj]
BuildAssembler : warning : ShowMissingComponent: [M:AppliFiMag.CmdExport.#ctor(AppliFiMag.MainVM)] Missing &lt;param name=&quot;vm&quot;/&gt; documentation [C:\Users\Joseph\Google Drive\Dropbox\GitHub\XDataFiWebService\XdataFioffline\docSandCastel\DocInterface\Help\Working\BuildReferenceTopics.proj]
BuildAssembler : warning : ShowMissingComponent: [M:AppliFiMag.CmdExport.CanExecute(System.Object)] Missing &lt;summary&gt; documentation [C:\Users\Joseph\Google Drive\Dropbox\GitHub\XDataFiWebService\XdataFioffline\docSandCastel\DocInterface\Help\Working\BuildReferenceTopics.proj]
BuildAssembler : warning : ShowMissingComponent: [M:AppliFiMag.CmdExport.CanExecute(System.Object)] Missing &lt;returns&gt; documentation [C:\Users\Joseph\Google Drive\Dropbox\GitHub\XDataFiWebService\XdataFioffline\docSandCastel\DocInterface\Help\Working\BuildReferenceTopics.proj]
BuildAssembler : warning : ShowMissingComponent: [M:AppliFiMag.CmdExport.CanExecute(System.Object)] Missing &lt;param name=&quot;parameter&quot;/&gt; documentation [C:\Users\Joseph\Google Drive\Dropbox\GitHub\XDataFiWebService\XdataFioffline\docSandCastel\DocInterface\Help\Working\BuildReferenceTopics.proj]
BuildAssembler : warning : ShowMissingComponent: [E:AppliFiMag.CmdExport.CanExecuteChanged] Missing &lt;summary&gt; documentation [C:\Users\Joseph\Google Drive\Dropbox\GitHub\XDataFiWebService\XdataFioffline\docSandCastel\DocInterface\Help\Working\BuildReferenceTopics.proj]
BuildAssembler : warning : ShowMissingComponent: [M:AppliFiMag.CmdExport.CpyFile(System.String,System.String)] Missing &lt;summary&gt; documentation [C:\Users\Joseph\Google Drive\Dropbox\GitHub\XDataFiWebService\XdataFioffline\docSandCastel\DocInterface\Help\Working\BuildReferenceTopics.proj]
BuildAssembler : warning : ShowMissingComponent: [M:AppliFiMag.CmdExport.CpyFile(System.String,System.String)] Missing &lt;param name=&quot;source&quot;/&gt; documentation [C:\Users\Joseph\Google Drive\Dropbox\GitHub\XDataFiWebService\XdataFioffline\docSandCastel\DocInterface\Help\Working\BuildReferenceTopics.proj]
BuildAssembler : warning : ShowMissingComponent: [M:AppliFiMag.CmdExport.CpyFile(System.String,System.String)] Missing &lt;param name=&quot;dest&quot;/&gt; documentation [C:\Users\Joseph\Google Drive\Dropbox\GitHub\XDataFiWebService\XdataFioffline\docSandCastel\DocInterface\Help\Working\BuildReferenceTopics.proj]
BuildAssembler : warning : ShowMissingComponent: [M:AppliFiMag.CmdExport.Execute(System.Object)] Missing &lt;summary&gt; documentation [C:\Users\Joseph\Google Drive\Dropbox\GitHub\XDataFiWebService\XdataFioffline\docSandCastel\DocInterface\Help\Working\BuildReferenceTopics.proj]
BuildAssembler : warning : ShowMissingComponent: [M:AppliFiMag.CmdExport.Execute(System.Object)] Missing &lt;param name=&quot;parameter&quot;/&gt; documentation [C:\Users\Joseph\Google Drive\Dropbox\GitHub\XDataFiWebService\XdataFioffline\docSandCastel\DocInterface\Help\Working\BuildReferenceTopics.proj]
BuildAssembler : warning : ShowMissingComponent: [T:AppliFiMag.CmdViewData] Missing &lt;summary&gt; documentation [C:\Users\Joseph\Google Drive\Dropbox\GitHub\XDataFiWebService\XdataFioffline\docSandCastel\DocInterface\Help\Working\BuildReferenceTopics.proj]
BuildAssembler : warning : ShowMissingComponent: [M:AppliFiMag.CmdViewData.#ctor(AppliFiMag.MainVM)] Missing &lt;param name=&quot;vm&quot;/&gt; documentation [C:\Users\Joseph\Google Drive\Dropbox\GitHub\XDataFiWebService\XdataFioffline\docSandCastel\DocInterface\Help\Working\BuildReferenceTopics.proj]
BuildAssembler : warning : ShowMissingComponent: [M:AppliFiMag.CmdViewData.CanExecute(System.Object)] Missing &lt;summary&gt; documentation [C:\Users\Joseph\Google Drive\Dropbox\GitHub\XDataFiWebService\XdataFioffline\docSandCastel\DocInterface\Help\Working\BuildReferenceTopics.proj]
BuildAssembler : warning : ShowMissingComponent: [M:AppliFiMag.CmdViewData.CanExecute(System.Object)] Missing &lt;returns&gt; documentation [C:\Users\Joseph\Google Drive\Dropbox\GitHub\XDataFiWebService\XdataFioffline\docSandCastel\DocInterface\Help\Working\BuildReferenceTopics.proj]
BuildAssembler : warning : ShowMissingComponent: [M:AppliFiMag.CmdViewData.CanExecute(System.Object)] Missing &lt;param name=&quot;parameter&quot;/&gt; documentation [C:\Users\Joseph\Google Drive\Dropbox\GitHub\XDataFiWebService\XdataFioffline\docSandCastel\DocInterface\Help\Working\BuildReferenceTopics.proj]
BuildAssembler : warning : ShowMissingComponent: [E:AppliFiMag.CmdViewData.CanExecuteChanged] Missing &lt;summary&gt; documentation [C:\Users\Joseph\Google Drive\Dropbox\GitHub\XDataFiWebService\XdataFioffline\docSandCastel\DocInterface\Help\Working\BuildReferenceTopics.proj]
BuildAssembler : warning : ShowMissingComponent: [M:AppliFiMag.CmdViewData.Execute(System.Object)] Missing &lt;summary&gt; documentation [C:\Users\Joseph\Google Drive\Dropbox\GitHub\XDataFiWebService\XdataFioffline\docSandCastel\DocInterface\Help\Working\BuildReferenceTopics.proj]
BuildAssembler : warning : ShowMissingComponent: [M:AppliFiMag.CmdViewData.Execute(System.Object)] Missing &lt;param name=&quot;parameter&quot;/&gt; documentation [C:\Users\Joseph\Google Drive\Dropbox\GitHub\XDataFiWebService\XdataFioffline\docSandCastel\DocInterface\Help\Working\BuildReferenceTopics.proj]
BuildAssembler : warning : ShowMissingComponent: [T:AppliFiMag.ConvertImportToString] Missing &lt;summary&gt; documentation [C:\Users\Joseph\Google Drive\Dropbox\GitHub\XDataFiWebService\XdataFioffline\docSandCastel\DocInterface\Help\Working\BuildReferenceTopics.proj]
BuildAssembler : warning : ShowMissingComponent: [M:AppliFiMag.ConvertImportToString.Convert(System.Object,System.Type,System.Object,System.Globalization.CultureInfo)] Missing &lt;summary&gt; documentation [C:\Users\Joseph\Google Drive\Dropbox\GitHub\XDataFiWebService\XdataFioffline\docSandCastel\DocInterface\Help\Working\BuildReferenceTopics.proj]
BuildAssembler : warning : ShowMissingComponent: [M:AppliFiMag.ConvertImportToString.Convert(System.Object,System.Type,System.Object,System.Globalization.CultureInfo)] Missing &lt;returns&gt; documentation [C:\Users\Joseph\Google Drive\Dropbox\GitHub\XDataFiWebService\XdataFioffline\docSandCastel\DocInterface\Help\Working\BuildReferenceTopics.proj]
BuildAssembler : warning : ShowMissingComponent: [M:AppliFiMag.ConvertImportToString.Convert(System.Object,System.Type,System.Object,System.Globalization.CultureInfo)] Missing &lt;param name=&quot;value&quot;/&gt; documentation [C:\Users\Joseph\Google Drive\Dropbox\GitHub\XDataFiWebService\XdataFioffline\docSandCastel\DocInterface\Help\Working\BuildReferenceTopics.proj]
BuildAssembler : warning : ShowMissingComponent: [M:AppliFiMag.ConvertImportToString.Convert(System.Object,System.Type,System.Object,System.Globalization.CultureInfo)] Missing &lt;param name=&quot;targetType&quot;/&gt; documentation [C:\Users\Joseph\Google Drive\Dropbox\GitHub\XDataFiWebService\XdataFioffline\docSandCastel\DocInterface\Help\Working\BuildReferenceTopics.proj]
BuildAssembler : warning : ShowMissingComponent: [M:AppliFiMag.ConvertImportToString.Convert(System.Object,System.Type,System.Object,System.Globalization.CultureInfo)] Missing &lt;param name=&quot;parameter&quot;/&gt; documentation [C:\Users\Joseph\Google Drive\Dropbox\GitHub\XDataFiWebService\XdataFioffline\docSandCastel\DocInterface\Help\Working\BuildReferenceTopics.proj]
BuildAssembler : warning : ShowMissingComponent: [M:AppliFiMag.ConvertImportToString.Convert(System.Object,System.Type,System.Object,System.Globalization.CultureInfo)] Missing &lt;param name=&quot;culture&quot;/&gt; documentation [C:\Users\Joseph\Google Drive\Dropbox\GitHub\XDataFiWebService\XdataFioffline\docSandCastel\DocInterface\Help\Working\BuildReferenceTopics.proj]
BuildAssembler : warning : ShowMissingComponent: [M:AppliFiMag.ConvertImportToString.ConvertBack(System.Object,System.Type,System.Object,System.Globalization.CultureInfo)] Missing &lt;summary&gt; documentation [C:\Users\Joseph\Google Drive\Dropbox\GitHub\XDataFiWebService\XdataFioffline\docSandCastel\DocInterface\Help\Working\BuildReferenceTopics.proj]
BuildAssembler : warning : ShowMissingComponent: [M:AppliFiMag.ConvertImportToString.ConvertBack(System.Object,System.Type,System.Object,System.Globalization.CultureInfo)] Missing &lt;returns&gt; documentation [C:\Users\Joseph\Google Drive\Dropbox\GitHub\XDataFiWebService\XdataFioffline\docSandCastel\DocInterface\Help\Working\BuildReferenceTopics.proj]
BuildAssembler : warning : ShowMissingComponent: [M:AppliFiMag.ConvertImportToString.ConvertBack(System.Object,System.Type,System.Object,System.Globalization.CultureInfo)] Missing &lt;param name=&quot;value&quot;/&gt; documentation [C:\Users\Joseph\Google Drive\Dropbox\GitHub\XDataFiWebService\XdataFioffline\docSandCastel\DocInterface\Help\Working\BuildReferenceTopics.proj]
BuildAssembler : warning : ShowMissingComponent: [M:AppliFiMag.ConvertImportToString.ConvertBack(System.Object,System.Type,System.Object,System.Globalization.CultureInfo)] Missing &lt;param name=&quot;targetType&quot;/&gt; documentation [C:\Users\Joseph\Google Drive\Dropbox\GitHub\XDataFiWebService\XdataFioffline\docSandCastel\DocInterface\Help\Working\BuildReferenceTopics.proj]
BuildAssembler : warning : ShowMissingComponent: [M:AppliFiMag.ConvertImportToString.ConvertBack(System.Object,System.Type,System.Object,System.Globalization.CultureInfo)] Missing &lt;param name=&quot;parameter&quot;/&gt; documentation [C:\Users\Joseph\Google Drive\Dropbox\GitHub\XDataFiWebService\XdataFioffline\docSandCastel\DocInterface\Help\Working\BuildReferenceTopics.proj]
BuildAssembler : warning : ShowMissingComponent: [M:AppliFiMag.ConvertImportToString.ConvertBack(System.Object,System.Type,System.Object,System.Globalization.CultureInfo)] Missing &lt;param name=&quot;culture&quot;/&gt; documentation [C:\Users\Joseph\Google Drive\Dropbox\GitHub\XDataFiWebService\XdataFioffline\docSandCastel\DocInterface\Help\Working\BuildReferenceTopics.proj]
BuildAssembler : warning : ShowMissingComponent: [T:AppliFiMag.DataToVisibilityConverter] Missing &lt;summary&gt; documentation [C:\Users\Joseph\Google Drive\Dropbox\GitHub\XDataFiWebService\XdataFioffline\docSandCastel\DocInterface\Help\Working\BuildReferenceTopics.proj]
BuildAssembler : warning : ShowMissingComponent: [M:AppliFiMag.DataToVisibilityConverter.Convert(System.Object,System.Type,System.Object,System.Globalization.CultureInfo)] Missing &lt;summary&gt; documentation [C:\Users\Joseph\Google Drive\Dropbox\GitHub\XDataFiWebService\XdataFioffline\docSandCastel\DocInterface\Help\Working\BuildReferenceTopics.proj]
BuildAssembler : warning : ShowMissingComponent: [M:AppliFiMag.DataToVisibilityConverter.Convert(System.Object,System.Type,System.Object,System.Globalization.CultureInfo)] Missing &lt;returns&gt; documentation [C:\Users\Joseph\Google Drive\Dropbox\GitHub\XDataFiWebService\XdataFioffline\docSandCastel\DocInterface\Help\Working\BuildReferenceTopics.proj]
BuildAssembler : warning : ShowMissingComponent: [M:AppliFiMag.DataToVisibilityConverter.Convert(System.Object,System.Type,System.Object,System.Globalization.CultureInfo)] Missing &lt;param name=&quot;value&quot;/&gt; documentation [C:\Users\Joseph\Google Drive\Dropbox\GitHub\XDataFiWebService\XdataFioffline\docSandCastel\DocInterface\Help\Working\BuildReferenceTopics.proj]
BuildAssembler : warning : ShowMissingComponent: [M:AppliFiMag.DataToVisibilityConverter.Convert(System.Object,System.Type,System.Object,System.Globalization.CultureInfo)] Missing &lt;param name=&quot;targetType&quot;/&gt; documentation [C:\Users\Joseph\Google Drive\Dropbox\GitHub\XDataFiWebService\XdataFioffline\docSandCastel\DocInterface\Help\Working\BuildReferenceTopics.proj]
BuildAssembler : warning : ShowMissingComponent: [M:AppliFiMag.DataToVisibilityConverter.Convert(System.Object,System.Type,System.Object,System.Globalization.CultureInfo)] Missing &lt;param name=&quot;parameter&quot;/&gt; documentation [C:\Users\Joseph\Google Drive\Dropbox\GitHub\XDataFiWebService\XdataFioffline\docSandCastel\DocInterface\Help\Working\BuildReferenceTopics.proj]
BuildAssembler : warning : ShowMissingComponent: [M:AppliFiMag.DataToVisibilityConverter.Convert(System.Object,System.Type,System.Object,System.Globalization.CultureInfo)] Missing &lt;param name=&quot;culture&quot;/&gt; documentation [C:\Users\Joseph\Google Drive\Dropbox\GitHub\XDataFiWebService\XdataFioffline\docSandCastel\DocInterface\Help\Working\BuildReferenceTopics.proj]
BuildAssembler : warning : ShowMissingComponent: [M:AppliFiMag.DataToVisibilityConverter.ConvertBack(System.Object,System.Type,System.Object,System.Globalization.CultureInfo)] Missing &lt;summary&gt; documentation [C:\Users\Joseph\Google Drive\Dropbox\GitHub\XDataFiWebService\XdataFioffline\docSandCastel\DocInterface\Help\Working\BuildReferenceTopics.proj]
BuildAssembler : warning : ShowMissingComponent: [M:AppliFiMag.DataToVisibilityConverter.ConvertBack(System.Object,System.Type,System.Object,System.Globalization.CultureInfo)] Missing &lt;returns&gt; documentation [C:\Users\Joseph\Google Drive\Dropbox\GitHub\XDataFiWebService\XdataFioffline\docSandCastel\DocInterface\Help\Working\BuildReferenceTopics.proj]
BuildAssembler : warning : ShowMissingComponent: [M:AppliFiMag.DataToVisibilityConverter.ConvertBack(System.Object,System.Type,System.Object,System.Globalization.CultureInfo)] Missing &lt;param name=&quot;value&quot;/&gt; documentation [C:\Users\Joseph\Google Drive\Dropbox\GitHub\XDataFiWebService\XdataFioffline\docSandCastel\DocInterface\Help\Working\BuildReferenceTopics.proj]
BuildAssembler : warning : ShowMissingComponent: [M:AppliFiMag.DataToVisibilityConverter.ConvertBack(System.Object,System.Type,System.Object,System.Globalization.CultureInfo)] Missing &lt;param name=&quot;targetType&quot;/&gt; documentation [C:\Users\Joseph\Google Drive\Dropbox\GitHub\XDataFiWebService\XdataFioffline\docSandCastel\DocInterface\Help\Working\BuildReferenceTopics.proj]
BuildAssembler : warning : ShowMissingComponent: [M:AppliFiMag.DataToVisibilityConverter.ConvertBack(System.Object,System.Type,System.Object,System.Globalization.CultureInfo)] Missing &lt;param name=&quot;parameter&quot;/&gt; documentation [C:\Users\Joseph\Google Drive\Dropbox\GitHub\XDataFiWebService\XdataFioffline\docSandCastel\DocInterface\Help\Working\BuildReferenceTopics.proj]
BuildAssembler : warning : ShowMissingComponent: [M:AppliFiMag.DataToVisibilityConverter.ConvertBack(System.Object,System.Type,System.Object,System.Globalization.CultureInfo)] Missing &lt;param name=&quot;culture&quot;/&gt; documentation [C:\Users\Joseph\Google Drive\Dropbox\GitHub\XDataFiWebService\XdataFioffline\docSandCastel\DocInterface\Help\Working\BuildReferenceTopics.proj]
BuildAssembler : warning : ShowMissingComponent: [T:AppliFiMag.MainVM] Missing &lt;summary&gt; documentation [C:\Users\Joseph\Google Drive\Dropbox\GitHub\XDataFiWebService\XdataFioffline\docSandCastel\DocInterface\Help\Working\BuildReferenceTopics.proj]
BuildAssembler : warning : ShowMissingComponent: [P:AppliFiMag.MainVM.AddCurr] Missing &lt;summary&gt; documentation [C:\Users\Joseph\Google Drive\Dropbox\GitHub\XDataFiWebService\XdataFioffline\docSandCastel\DocInterface\Help\Working\BuildReferenceTopics.proj]
BuildAssembler : warning : ShowMissingComponent: [P:AppliFiMag.MainVM.AddData] Missing &lt;summary&gt; documentation [C:\Users\Joseph\Google Drive\Dropbox\GitHub\XDataFiWebService\XdataFioffline\docSandCastel\DocInterface\Help\Working\BuildReferenceTopics.proj]
BuildAssembler : warning : ShowMissingComponent: [P:AppliFiMag.MainVM.AddRate] Missing &lt;summary&gt; documentation [C:\Users\Joseph\Google Drive\Dropbox\GitHub\XDataFiWebService\XdataFioffline\docSandCastel\DocInterface\Help\Working\BuildReferenceTopics.proj]
BuildAssembler : warning : ShowMissingComponent: [P:AppliFiMag.MainVM.AddRT] Missing &lt;summary&gt; documentation [C:\Users\Joseph\Google Drive\Dropbox\GitHub\XDataFiWebService\XdataFioffline\docSandCastel\DocInterface\Help\Working\BuildReferenceTopics.proj]
BuildAssembler : warning : ShowMissingComponent: [P:AppliFiMag.MainVM.AddXML] Missing &lt;summary&gt; documentation [C:\Users\Joseph\Google Drive\Dropbox\GitHub\XDataFiWebService\XdataFioffline\docSandCastel\DocInterface\Help\Working\BuildReferenceTopics.proj]
BuildAssembler : warning : ShowMissingComponent: [P:AppliFiMag.MainVM.Content] Missing &lt;summary&gt; documentation [C:\Users\Joseph\Google Drive\Dropbox\GitHub\XDataFiWebService\XdataFioffline\docSandCastel\DocInterface\Help\Working\BuildReferenceTopics.proj]
BuildAssembler : warning : ShowMissingComponent: [P:AppliFiMag.MainVM.Datas] Missing &lt;summary&gt; documentation [C:\Users\Joseph\Google Drive\Dropbox\GitHub\XDataFiWebService\XdataFioffline\docSandCastel\DocInterface\Help\Working\BuildReferenceTopics.proj]
BuildAssembler : warning : ResolveReferenceLinksComponent: [P:AppliFiMag.MainVM.Datas] Unknown reference link target &#39;T:APIFiMag.Data&#39;. [C:\Users\Joseph\Google Drive\Dropbox\GitHub\XDataFiWebService\XdataFioffline\docSandCastel\DocInterface\Help\Working\BuildReferenceTopics.proj]
BuildAssembler : warning : ShowMissingComponent: [P:AppliFiMag.MainVM.ExpCmd] Missing &lt;summary&gt; documentation [C:\Users\Joseph\Google Drive\Dropbox\GitHub\XDataFiWebService\XdataFioffline\docSandCastel\DocInterface\Help\Working\BuildReferenceTopics.proj]
BuildAssembler : warning : ShowMissingComponent: [P:AppliFiMag.MainVM.Instance] Missing &lt;summary&gt; documentation [C:\Users\Joseph\Google Drive\Dropbox\GitHub\XDataFiWebService\XdataFioffline\docSandCastel\DocInterface\Help\Working\BuildReferenceTopics.proj]
BuildAssembler : warning : ShowMissingComponent: [P:AppliFiMag.MainVM.Nom] Missing &lt;summary&gt; documentation [C:\Users\Joseph\Google Drive\Dropbox\GitHub\XDataFiWebService\XdataFioffline\docSandCastel\DocInterface\Help\Working\BuildReferenceTopics.proj]
BuildAssembler : warning : ShowMissingComponent: [P:AppliFiMag.MainVM.ViewData] Missing &lt;summary&gt; documentation [C:\Users\Joseph\Google Drive\Dropbox\GitHub\XDataFiWebService\XdataFioffline\docSandCastel\DocInterface\Help\Working\BuildReferenceTopics.proj]
BuildAssembler : warning : ShowMissingComponent: [M:AppliFiMag.ViewFiMag.#ctor(APIFiMag.Data)] Missing &lt;param name=&quot;d&quot;/&gt; documentation [C:\Users\Joseph\Google Drive\Dropbox\GitHub\XDataFiWebService\XdataFioffline\docSandCastel\DocInterface\Help\Working\BuildReferenceTopics.proj]
BuildAssembler : warning : ResolveReferenceLinksComponent: [M:AppliFiMag.ViewFiMag.#ctor(APIFiMag.Data)] Unknown reference link target &#39;T:APIFiMag.Data&#39;. [C:\Users\Joseph\Google Drive\Dropbox\GitHub\XDataFiWebService\XdataFioffline\docSandCastel\DocInterface\Help\Working\BuildReferenceTopics.proj]
BuildAssembler : warning : ShowMissingComponent: [T:AppliFiMag.ViewModel] Missing &lt;summary&gt; documentation [C:\Users\Joseph\Google Drive\Dropbox\GitHub\XDataFiWebService\XdataFioffline\docSandCastel\DocInterface\Help\Working\BuildReferenceTopics.proj]
BuildAssembler : warning : ShowMissingComponent: [M:AppliFiMag.ViewModel.NotifyPropertyChanged(System.String)] Missing &lt;summary&gt; documentation [C:\Users\Joseph\Google Drive\Dropbox\GitHub\XDataFiWebService\XdataFioffline\docSandCastel\DocInterface\Help\Working\BuildReferenceTopics.proj]
BuildAssembler : warning : ShowMissingComponent: [M:AppliFiMag.ViewModel.NotifyPropertyChanged(System.String)] Missing &lt;param name=&quot;info&quot;/&gt; documentation [C:\Users\Joseph\Google Drive\Dropbox\GitHub\XDataFiWebService\XdataFioffline\docSandCastel\DocInterface\Help\Working\BuildReferenceTopics.proj]
BuildAssembler : warning : ShowMissingComponent: [E:AppliFiMag.ViewModel.PropertyChanged] Missing &lt;summary&gt; documentation [C:\Users\Joseph\Google Drive\Dropbox\GitHub\XDataFiWebService\XdataFioffline\docSandCastel\DocInterface\Help\Working\BuildReferenceTopics.proj]
  Processed 171 topic(s)
  105 warning(s)
  CopyFromIndexComponent: &quot;reflection&quot; in-memory cache entries used: 8 of 15.
  CopyFromIndexComponent: &quot;comments&quot; in-memory cache entries used: 5 of 30.
  ResolveReferenceLinksComponent: New MSDN content ID cache size: 656 entries
G‚n‚ration du projet &quot;C:\Users\Joseph\Google Drive\Dropbox\GitHub\XDataFiWebService\XdataFioffline\docSandCastel\DocInterface\Help\Working\BuildReferenceTopics.proj&quot; termin‚e (cibles par d‚faut).

La g‚n‚ration a r‚ussi.

Temps ‚coul‚ 00:08:34.11
    Last step completed in 00:08:34.9214
</buildStep>
<buildStep step="CombiningIntermediateTocFiles">
Combining conceptual and API intermediate TOC files...

Clearing any prior web output
    Last step completed in 00:00:00.0060
</buildStep>
<buildStep step="ExtractingHtmlInfo">
Extracting HTML info for HTML Help 1 and/or website...
[C:\Windows\Microsoft.NET\Framework64\v4.0.30319\MSBuild.exe]
Sandcastle Help File Builder, version 2014.4.22.0
Copyright &#184; 2006-2014, Eric Woodruff, All Rights Reserved
E-Mail: Eric@EWoodruff.us

Using LCID &#39;1033&#39;, code page &#39;65001&#39;, encoding charset &#39;UTF-8&#39;.

Processing website files in C:\Users\Joseph\Google Drive\Dropbox\GitHub\XDataFiWebService\XdataFioffline\docSandCastel\DocInterface\Help\Working\Output\Website
Processed 171 HTML files
Sorting keywords and generating See Also indices
Saving website keyword index to C:\Users\Joseph\Google Drive\Dropbox\GitHub\XDataFiWebService\XdataFioffline\docSandCastel\DocInterface\Help\Working\WebKI.xml
Saving website table of contents to C:\Users\Joseph\Google Drive\Dropbox\GitHub\XDataFiWebService\XdataFioffline\docSandCastel\DocInterface\Help\Working\WebTOC.xml
    Last step completed in 00:00:03.9362
</buildStep>
<buildStep step="CopyStandardHelpContent">
Copying standard help content...
C:\Program Files (x86)\EWSoftware\Sandcastle Help File Builder\PresentationStyles\VS2005\icons\adm.gif -&gt; C:\Users\Joseph\Google Drive\Dropbox\GitHub\XDataFiWebService\XdataFioffline\docSandCastel\DocInterface\Help\Working\Output\Website\icons\adm.gif
C:\Program Files (x86)\EWSoftware\Sandcastle Help File Builder\PresentationStyles\VS2005\icons\adm_arch.gif -&gt; C:\Users\Joseph\Google Drive\Dropbox\GitHub\XDataFiWebService\XdataFioffline\docSandCastel\DocInterface\Help\Working\Output\Website\icons\adm_arch.gif
C:\Program Files (x86)\EWSoftware\Sandcastle Help File Builder\PresentationStyles\VS2005\icons\adm_dev.gif -&gt; C:\Users\Joseph\Google Drive\Dropbox\GitHub\XDataFiWebService\XdataFioffline\docSandCastel\DocInterface\Help\Working\Output\Website\icons\adm_dev.gif
C:\Program Files (x86)\EWSoftware\Sandcastle Help File Builder\PresentationStyles\VS2005\icons\adm_dev_arch.gif -&gt; C:\Users\Joseph\Google Drive\Dropbox\GitHub\XDataFiWebService\XdataFioffline\docSandCastel\DocInterface\Help\Working\Output\Website\icons\adm_dev_arch.gif
C:\Program Files (x86)\EWSoftware\Sandcastle Help File Builder\PresentationStyles\VS2005\icons\alert_caution.gif -&gt; C:\Users\Joseph\Google Drive\Dropbox\GitHub\XDataFiWebService\XdataFioffline\docSandCastel\DocInterface\Help\Working\Output\Website\icons\alert_caution.gif
C:\Program Files (x86)\EWSoftware\Sandcastle Help File Builder\PresentationStyles\VS2005\icons\alert_note.gif -&gt; C:\Users\Joseph\Google Drive\Dropbox\GitHub\XDataFiWebService\XdataFioffline\docSandCastel\DocInterface\Help\Working\Output\Website\icons\alert_note.gif
C:\Program Files (x86)\EWSoftware\Sandcastle Help File Builder\PresentationStyles\VS2005\icons\alert_security.gif -&gt; C:\Users\Joseph\Google Drive\Dropbox\GitHub\XDataFiWebService\XdataFioffline\docSandCastel\DocInterface\Help\Working\Output\Website\icons\alert_security.gif
C:\Program Files (x86)\EWSoftware\Sandcastle Help File Builder\PresentationStyles\VS2005\icons\arch.gif -&gt; C:\Users\Joseph\Google Drive\Dropbox\GitHub\XDataFiWebService\XdataFioffline\docSandCastel\DocInterface\Help\Working\Output\Website\icons\arch.gif
C:\Program Files (x86)\EWSoftware\Sandcastle Help File Builder\PresentationStyles\VS2005\icons\big_adm.gif -&gt; C:\Users\Joseph\Google Drive\Dropbox\GitHub\XDataFiWebService\XdataFioffline\docSandCastel\DocInterface\Help\Working\Output\Website\icons\big_adm.gif
C:\Program Files (x86)\EWSoftware\Sandcastle Help File Builder\PresentationStyles\VS2005\icons\big_arch.gif -&gt; C:\Users\Joseph\Google Drive\Dropbox\GitHub\XDataFiWebService\XdataFioffline\docSandCastel\DocInterface\Help\Working\Output\Website\icons\big_arch.gif
C:\Program Files (x86)\EWSoftware\Sandcastle Help File Builder\PresentationStyles\VS2005\icons\big_dev.gif -&gt; C:\Users\Joseph\Google Drive\Dropbox\GitHub\XDataFiWebService\XdataFioffline\docSandCastel\DocInterface\Help\Working\Output\Website\icons\big_dev.gif
C:\Program Files (x86)\EWSoftware\Sandcastle Help File Builder\PresentationStyles\VS2005\icons\big_kw.gif -&gt; C:\Users\Joseph\Google Drive\Dropbox\GitHub\XDataFiWebService\XdataFioffline\docSandCastel\DocInterface\Help\Working\Output\Website\icons\big_kw.gif
C:\Program Files (x86)\EWSoftware\Sandcastle Help File Builder\PresentationStyles\VS2005\icons\box.gif -&gt; C:\Users\Joseph\Google Drive\Dropbox\GitHub\XDataFiWebService\XdataFioffline\docSandCastel\DocInterface\Help\Working\Output\Website\icons\box.gif
C:\Program Files (x86)\EWSoftware\Sandcastle Help File Builder\PresentationStyles\VS2005\icons\Caution.gif -&gt; C:\Users\Joseph\Google Drive\Dropbox\GitHub\XDataFiWebService\XdataFioffline\docSandCastel\DocInterface\Help\Working\Output\Website\icons\Caution.gif
C:\Program Files (x86)\EWSoftware\Sandcastle Help File Builder\PresentationStyles\VS2005\icons\CFW.gif -&gt; C:\Users\Joseph\Google Drive\Dropbox\GitHub\XDataFiWebService\XdataFioffline\docSandCastel\DocInterface\Help\Working\Output\Website\icons\CFW.gif
C:\Program Files (x86)\EWSoftware\Sandcastle Help File Builder\PresentationStyles\VS2005\icons\collall.gif -&gt; C:\Users\Joseph\Google Drive\Dropbox\GitHub\XDataFiWebService\XdataFioffline\docSandCastel\DocInterface\Help\Working\Output\Website\icons\collall.gif
C:\Program Files (x86)\EWSoftware\Sandcastle Help File Builder\PresentationStyles\VS2005\icons\collapse.gif -&gt; C:\Users\Joseph\Google Drive\Dropbox\GitHub\XDataFiWebService\XdataFioffline\docSandCastel\DocInterface\Help\Working\Output\Website\icons\collapse.gif
C:\Program Files (x86)\EWSoftware\Sandcastle Help File Builder\PresentationStyles\VS2005\icons\collapse_all.gif -&gt; C:\Users\Joseph\Google Drive\Dropbox\GitHub\XDataFiWebService\XdataFioffline\docSandCastel\DocInterface\Help\Working\Output\Website\icons\collapse_all.gif
C:\Program Files (x86)\EWSoftware\Sandcastle Help File Builder\PresentationStyles\VS2005\icons\copycode.gif -&gt; C:\Users\Joseph\Google Drive\Dropbox\GitHub\XDataFiWebService\XdataFioffline\docSandCastel\DocInterface\Help\Working\Output\Website\icons\copycode.gif
C:\Program Files (x86)\EWSoftware\Sandcastle Help File Builder\PresentationStyles\VS2005\icons\copycodeHighlight.gif -&gt; C:\Users\Joseph\Google Drive\Dropbox\GitHub\XDataFiWebService\XdataFioffline\docSandCastel\DocInterface\Help\Working\Output\Website\icons\copycodeHighlight.gif
C:\Program Files (x86)\EWSoftware\Sandcastle Help File Builder\PresentationStyles\VS2005\icons\dev.gif -&gt; C:\Users\Joseph\Google Drive\Dropbox\GitHub\XDataFiWebService\XdataFioffline\docSandCastel\DocInterface\Help\Working\Output\Website\icons\dev.gif
C:\Program Files (x86)\EWSoftware\Sandcastle Help File Builder\PresentationStyles\VS2005\icons\dev_arch.gif -&gt; C:\Users\Joseph\Google Drive\Dropbox\GitHub\XDataFiWebService\XdataFioffline\docSandCastel\DocInterface\Help\Working\Output\Website\icons\dev_arch.gif
C:\Program Files (x86)\EWSoftware\Sandcastle Help File Builder\PresentationStyles\VS2005\icons\dropdown.gif -&gt; C:\Users\Joseph\Google Drive\Dropbox\GitHub\XDataFiWebService\XdataFioffline\docSandCastel\DocInterface\Help\Working\Output\Website\icons\dropdown.gif
C:\Program Files (x86)\EWSoftware\Sandcastle Help File Builder\PresentationStyles\VS2005\icons\dropdownHover.gif -&gt; C:\Users\Joseph\Google Drive\Dropbox\GitHub\XDataFiWebService\XdataFioffline\docSandCastel\DocInterface\Help\Working\Output\Website\icons\dropdownHover.gif
C:\Program Files (x86)\EWSoftware\Sandcastle Help File Builder\PresentationStyles\VS2005\icons\drpdown.gif -&gt; C:\Users\Joseph\Google Drive\Dropbox\GitHub\XDataFiWebService\XdataFioffline\docSandCastel\DocInterface\Help\Working\Output\Website\icons\drpdown.gif
C:\Program Files (x86)\EWSoftware\Sandcastle Help File Builder\PresentationStyles\VS2005\icons\drpdown_orange.gif -&gt; C:\Users\Joseph\Google Drive\Dropbox\GitHub\XDataFiWebService\XdataFioffline\docSandCastel\DocInterface\Help\Working\Output\Website\icons\drpdown_orange.gif
C:\Program Files (x86)\EWSoftware\Sandcastle Help File Builder\PresentationStyles\VS2005\icons\drpdown_orange_up.gif -&gt; C:\Users\Joseph\Google Drive\Dropbox\GitHub\XDataFiWebService\XdataFioffline\docSandCastel\DocInterface\Help\Working\Output\Website\icons\drpdown_orange_up.gif
C:\Program Files (x86)\EWSoftware\Sandcastle Help File Builder\PresentationStyles\VS2005\icons\drpup.gif -&gt; C:\Users\Joseph\Google Drive\Dropbox\GitHub\XDataFiWebService\XdataFioffline\docSandCastel\DocInterface\Help\Working\Output\Website\icons\drpup.gif
C:\Program Files (x86)\EWSoftware\Sandcastle Help File Builder\PresentationStyles\VS2005\icons\exp.gif -&gt; C:\Users\Joseph\Google Drive\Dropbox\GitHub\XDataFiWebService\XdataFioffline\docSandCastel\DocInterface\Help\Working\Output\Website\icons\exp.gif
C:\Program Files (x86)\EWSoftware\Sandcastle Help File Builder\PresentationStyles\VS2005\icons\expall.gif -&gt; C:\Users\Joseph\Google Drive\Dropbox\GitHub\XDataFiWebService\XdataFioffline\docSandCastel\DocInterface\Help\Working\Output\Website\icons\expall.gif
C:\Program Files (x86)\EWSoftware\Sandcastle Help File Builder\PresentationStyles\VS2005\icons\expand_all.gif -&gt; C:\Users\Joseph\Google Drive\Dropbox\GitHub\XDataFiWebService\XdataFioffline\docSandCastel\DocInterface\Help\Working\Output\Website\icons\expand_all.gif
C:\Program Files (x86)\EWSoftware\Sandcastle Help File Builder\PresentationStyles\VS2005\icons\filter1a.gif -&gt; C:\Users\Joseph\Google Drive\Dropbox\GitHub\XDataFiWebService\XdataFioffline\docSandCastel\DocInterface\Help\Working\Output\Website\icons\filter1a.gif
C:\Program Files (x86)\EWSoftware\Sandcastle Help File Builder\PresentationStyles\VS2005\icons\filter1c.gif -&gt; C:\Users\Joseph\Google Drive\Dropbox\GitHub\XDataFiWebService\XdataFioffline\docSandCastel\DocInterface\Help\Working\Output\Website\icons\filter1c.gif
C:\Program Files (x86)\EWSoftware\Sandcastle Help File Builder\PresentationStyles\VS2005\icons\footer.gif -&gt; C:\Users\Joseph\Google Drive\Dropbox\GitHub\XDataFiWebService\XdataFioffline\docSandCastel\DocInterface\Help\Working\Output\Website\icons\footer.gif
C:\Program Files (x86)\EWSoftware\Sandcastle Help File Builder\PresentationStyles\VS2005\icons\gradient.gif -&gt; C:\Users\Joseph\Google Drive\Dropbox\GitHub\XDataFiWebService\XdataFioffline\docSandCastel\DocInterface\Help\Working\Output\Website\icons\gradient.gif
C:\Program Files (x86)\EWSoftware\Sandcastle Help File Builder\PresentationStyles\VS2005\icons\greencheck.gif -&gt; C:\Users\Joseph\Google Drive\Dropbox\GitHub\XDataFiWebService\XdataFioffline\docSandCastel\DocInterface\Help\Working\Output\Website\icons\greencheck.gif
C:\Program Files (x86)\EWSoftware\Sandcastle Help File Builder\PresentationStyles\VS2005\icons\greychck.gif -&gt; C:\Users\Joseph\Google Drive\Dropbox\GitHub\XDataFiWebService\XdataFioffline\docSandCastel\DocInterface\Help\Working\Output\Website\icons\greychck.gif
C:\Program Files (x86)\EWSoftware\Sandcastle Help File Builder\PresentationStyles\VS2005\icons\header_prev_next.jpg -&gt; C:\Users\Joseph\Google Drive\Dropbox\GitHub\XDataFiWebService\XdataFioffline\docSandCastel\DocInterface\Help\Working\Output\Website\icons\header_prev_next.jpg
C:\Program Files (x86)\EWSoftware\Sandcastle Help File Builder\PresentationStyles\VS2005\icons\header_sql_tutorial_blank.jpg -&gt; C:\Users\Joseph\Google Drive\Dropbox\GitHub\XDataFiWebService\XdataFioffline\docSandCastel\DocInterface\Help\Working\Output\Website\icons\header_sql_tutorial_blank.jpg
C:\Program Files (x86)\EWSoftware\Sandcastle Help File Builder\PresentationStyles\VS2005\icons\header_sql_tutorial_logo.GIF -&gt; C:\Users\Joseph\Google Drive\Dropbox\GitHub\XDataFiWebService\XdataFioffline\docSandCastel\DocInterface\Help\Working\Output\Website\icons\header_sql_tutorial_logo.GIF
C:\Program Files (x86)\EWSoftware\Sandcastle Help File Builder\PresentationStyles\VS2005\icons\kw.gif -&gt; C:\Users\Joseph\Google Drive\Dropbox\GitHub\XDataFiWebService\XdataFioffline\docSandCastel\DocInterface\Help\Working\Output\Website\icons\kw.gif
C:\Program Files (x86)\EWSoftware\Sandcastle Help File Builder\PresentationStyles\VS2005\icons\kw_adm.gif -&gt; C:\Users\Joseph\Google Drive\Dropbox\GitHub\XDataFiWebService\XdataFioffline\docSandCastel\DocInterface\Help\Working\Output\Website\icons\kw_adm.gif
C:\Program Files (x86)\EWSoftware\Sandcastle Help File Builder\PresentationStyles\VS2005\icons\kw_adm_arch.gif -&gt; C:\Users\Joseph\Google Drive\Dropbox\GitHub\XDataFiWebService\XdataFioffline\docSandCastel\DocInterface\Help\Working\Output\Website\icons\kw_adm_arch.gif
C:\Program Files (x86)\EWSoftware\Sandcastle Help File Builder\PresentationStyles\VS2005\icons\kw_adm_dev.gif -&gt; C:\Users\Joseph\Google Drive\Dropbox\GitHub\XDataFiWebService\XdataFioffline\docSandCastel\DocInterface\Help\Working\Output\Website\icons\kw_adm_dev.gif
C:\Program Files (x86)\EWSoftware\Sandcastle Help File Builder\PresentationStyles\VS2005\icons\kw_adm_dev_arch.gif -&gt; C:\Users\Joseph\Google Drive\Dropbox\GitHub\XDataFiWebService\XdataFioffline\docSandCastel\DocInterface\Help\Working\Output\Website\icons\kw_adm_dev_arch.gif
C:\Program Files (x86)\EWSoftware\Sandcastle Help File Builder\PresentationStyles\VS2005\icons\kw_arch.gif -&gt; C:\Users\Joseph\Google Drive\Dropbox\GitHub\XDataFiWebService\XdataFioffline\docSandCastel\DocInterface\Help\Working\Output\Website\icons\kw_arch.gif
C:\Program Files (x86)\EWSoftware\Sandcastle Help File Builder\PresentationStyles\VS2005\icons\kw_dev.gif -&gt; C:\Users\Joseph\Google Drive\Dropbox\GitHub\XDataFiWebService\XdataFioffline\docSandCastel\DocInterface\Help\Working\Output\Website\icons\kw_dev.gif
C:\Program Files (x86)\EWSoftware\Sandcastle Help File Builder\PresentationStyles\VS2005\icons\kw_dev_arch.gif -&gt; C:\Users\Joseph\Google Drive\Dropbox\GitHub\XDataFiWebService\XdataFioffline\docSandCastel\DocInterface\Help\Working\Output\Website\icons\kw_dev_arch.gif
C:\Program Files (x86)\EWSoftware\Sandcastle Help File Builder\PresentationStyles\VS2005\icons\LastChild.gif -&gt; C:\Users\Joseph\Google Drive\Dropbox\GitHub\XDataFiWebService\XdataFioffline\docSandCastel\DocInterface\Help\Working\Output\Website\icons\LastChild.gif
C:\Program Files (x86)\EWSoftware\Sandcastle Help File Builder\PresentationStyles\VS2005\icons\load.gif -&gt; C:\Users\Joseph\Google Drive\Dropbox\GitHub\XDataFiWebService\XdataFioffline\docSandCastel\DocInterface\Help\Working\Output\Website\icons\load.gif
C:\Program Files (x86)\EWSoftware\Sandcastle Help File Builder\PresentationStyles\VS2005\icons\load_hover.gif -&gt; C:\Users\Joseph\Google Drive\Dropbox\GitHub\XDataFiWebService\XdataFioffline\docSandCastel\DocInterface\Help\Working\Output\Website\icons\load_hover.gif
C:\Program Files (x86)\EWSoftware\Sandcastle Help File Builder\PresentationStyles\VS2005\icons\note.gif -&gt; C:\Users\Joseph\Google Drive\Dropbox\GitHub\XDataFiWebService\XdataFioffline\docSandCastel\DocInterface\Help\Working\Output\Website\icons\note.gif
C:\Program Files (x86)\EWSoftware\Sandcastle Help File Builder\PresentationStyles\VS2005\icons\pencil.GIF -&gt; C:\Users\Joseph\Google Drive\Dropbox\GitHub\XDataFiWebService\XdataFioffline\docSandCastel\DocInterface\Help\Working\Output\Website\icons\pencil.GIF
C:\Program Files (x86)\EWSoftware\Sandcastle Help File Builder\PresentationStyles\VS2005\icons\privclass.gif -&gt; C:\Users\Joseph\Google Drive\Dropbox\GitHub\XDataFiWebService\XdataFioffline\docSandCastel\DocInterface\Help\Working\Output\Website\icons\privclass.gif
C:\Program Files (x86)\EWSoftware\Sandcastle Help File Builder\PresentationStyles\VS2005\icons\privdelegate.gif -&gt; C:\Users\Joseph\Google Drive\Dropbox\GitHub\XDataFiWebService\XdataFioffline\docSandCastel\DocInterface\Help\Working\Output\Website\icons\privdelegate.gif
C:\Program Files (x86)\EWSoftware\Sandcastle Help File Builder\PresentationStyles\VS2005\icons\privenum.gif -&gt; C:\Users\Joseph\Google Drive\Dropbox\GitHub\XDataFiWebService\XdataFioffline\docSandCastel\DocInterface\Help\Working\Output\Website\icons\privenum.gif
C:\Program Files (x86)\EWSoftware\Sandcastle Help File Builder\PresentationStyles\VS2005\icons\privenumeration.gif -&gt; C:\Users\Joseph\Google Drive\Dropbox\GitHub\XDataFiWebService\XdataFioffline\docSandCastel\DocInterface\Help\Working\Output\Website\icons\privenumeration.gif
C:\Program Files (x86)\EWSoftware\Sandcastle Help File Builder\PresentationStyles\VS2005\icons\privevent.gif -&gt; C:\Users\Joseph\Google Drive\Dropbox\GitHub\XDataFiWebService\XdataFioffline\docSandCastel\DocInterface\Help\Working\Output\Website\icons\privevent.gif
C:\Program Files (x86)\EWSoftware\Sandcastle Help File Builder\PresentationStyles\VS2005\icons\privextension.gif -&gt; C:\Users\Joseph\Google Drive\Dropbox\GitHub\XDataFiWebService\XdataFioffline\docSandCastel\DocInterface\Help\Working\Output\Website\icons\privextension.gif
C:\Program Files (x86)\EWSoftware\Sandcastle Help File Builder\PresentationStyles\VS2005\icons\privfield.gif -&gt; C:\Users\Joseph\Google Drive\Dropbox\GitHub\XDataFiWebService\XdataFioffline\docSandCastel\DocInterface\Help\Working\Output\Website\icons\privfield.gif
C:\Program Files (x86)\EWSoftware\Sandcastle Help File Builder\PresentationStyles\VS2005\icons\privinterface.gif -&gt; C:\Users\Joseph\Google Drive\Dropbox\GitHub\XDataFiWebService\XdataFioffline\docSandCastel\DocInterface\Help\Working\Output\Website\icons\privinterface.gif
C:\Program Files (x86)\EWSoftware\Sandcastle Help File Builder\PresentationStyles\VS2005\icons\privmethod.gif -&gt; C:\Users\Joseph\Google Drive\Dropbox\GitHub\XDataFiWebService\XdataFioffline\docSandCastel\DocInterface\Help\Working\Output\Website\icons\privmethod.gif
C:\Program Files (x86)\EWSoftware\Sandcastle Help File Builder\PresentationStyles\VS2005\icons\privproperty.gif -&gt; C:\Users\Joseph\Google Drive\Dropbox\GitHub\XDataFiWebService\XdataFioffline\docSandCastel\DocInterface\Help\Working\Output\Website\icons\privproperty.gif
C:\Program Files (x86)\EWSoftware\Sandcastle Help File Builder\PresentationStyles\VS2005\icons\privstructure.gif -&gt; C:\Users\Joseph\Google Drive\Dropbox\GitHub\XDataFiWebService\XdataFioffline\docSandCastel\DocInterface\Help\Working\Output\Website\icons\privstructure.gif
C:\Program Files (x86)\EWSoftware\Sandcastle Help File Builder\PresentationStyles\VS2005\icons\protclass.gif -&gt; C:\Users\Joseph\Google Drive\Dropbox\GitHub\XDataFiWebService\XdataFioffline\docSandCastel\DocInterface\Help\Working\Output\Website\icons\protclass.gif
C:\Program Files (x86)\EWSoftware\Sandcastle Help File Builder\PresentationStyles\VS2005\icons\protdelegate.gif -&gt; C:\Users\Joseph\Google Drive\Dropbox\GitHub\XDataFiWebService\XdataFioffline\docSandCastel\DocInterface\Help\Working\Output\Website\icons\protdelegate.gif
C:\Program Files (x86)\EWSoftware\Sandcastle Help File Builder\PresentationStyles\VS2005\icons\protenum.gif -&gt; C:\Users\Joseph\Google Drive\Dropbox\GitHub\XDataFiWebService\XdataFioffline\docSandCastel\DocInterface\Help\Working\Output\Website\icons\protenum.gif
C:\Program Files (x86)\EWSoftware\Sandcastle Help File Builder\PresentationStyles\VS2005\icons\protenumeration.gif -&gt; C:\Users\Joseph\Google Drive\Dropbox\GitHub\XDataFiWebService\XdataFioffline\docSandCastel\DocInterface\Help\Working\Output\Website\icons\protenumeration.gif
C:\Program Files (x86)\EWSoftware\Sandcastle Help File Builder\PresentationStyles\VS2005\icons\protevent.gif -&gt; C:\Users\Joseph\Google Drive\Dropbox\GitHub\XDataFiWebService\XdataFioffline\docSandCastel\DocInterface\Help\Working\Output\Website\icons\protevent.gif
C:\Program Files (x86)\EWSoftware\Sandcastle Help File Builder\PresentationStyles\VS2005\icons\protextension.gif -&gt; C:\Users\Joseph\Google Drive\Dropbox\GitHub\XDataFiWebService\XdataFioffline\docSandCastel\DocInterface\Help\Working\Output\Website\icons\protextension.gif
C:\Program Files (x86)\EWSoftware\Sandcastle Help File Builder\PresentationStyles\VS2005\icons\protfield.gif -&gt; C:\Users\Joseph\Google Drive\Dropbox\GitHub\XDataFiWebService\XdataFioffline\docSandCastel\DocInterface\Help\Working\Output\Website\icons\protfield.gif
C:\Program Files (x86)\EWSoftware\Sandcastle Help File Builder\PresentationStyles\VS2005\icons\protinterface.gif -&gt; C:\Users\Joseph\Google Drive\Dropbox\GitHub\XDataFiWebService\XdataFioffline\docSandCastel\DocInterface\Help\Working\Output\Website\icons\protinterface.gif
C:\Program Files (x86)\EWSoftware\Sandcastle Help File Builder\PresentationStyles\VS2005\icons\protmethod.gif -&gt; C:\Users\Joseph\Google Drive\Dropbox\GitHub\XDataFiWebService\XdataFioffline\docSandCastel\DocInterface\Help\Working\Output\Website\icons\protmethod.gif
C:\Program Files (x86)\EWSoftware\Sandcastle Help File Builder\PresentationStyles\VS2005\icons\protoperator.gif -&gt; C:\Users\Joseph\Google Drive\Dropbox\GitHub\XDataFiWebService\XdataFioffline\docSandCastel\DocInterface\Help\Working\Output\Website\icons\protoperator.gif
C:\Program Files (x86)\EWSoftware\Sandcastle Help File Builder\PresentationStyles\VS2005\icons\protproperty.gif -&gt; C:\Users\Joseph\Google Drive\Dropbox\GitHub\XDataFiWebService\XdataFioffline\docSandCastel\DocInterface\Help\Working\Output\Website\icons\protproperty.gif
C:\Program Files (x86)\EWSoftware\Sandcastle Help File Builder\PresentationStyles\VS2005\icons\protstructure.gif -&gt; C:\Users\Joseph\Google Drive\Dropbox\GitHub\XDataFiWebService\XdataFioffline\docSandCastel\DocInterface\Help\Working\Output\Website\icons\protstructure.gif
C:\Program Files (x86)\EWSoftware\Sandcastle Help File Builder\PresentationStyles\VS2005\icons\pubclass.gif -&gt; C:\Users\Joseph\Google Drive\Dropbox\GitHub\XDataFiWebService\XdataFioffline\docSandCastel\DocInterface\Help\Working\Output\Website\icons\pubclass.gif
C:\Program Files (x86)\EWSoftware\Sandcastle Help File Builder\PresentationStyles\VS2005\icons\pubdelegate.gif -&gt; C:\Users\Joseph\Google Drive\Dropbox\GitHub\XDataFiWebService\XdataFioffline\docSandCastel\DocInterface\Help\Working\Output\Website\icons\pubdelegate.gif
C:\Program Files (x86)\EWSoftware\Sandcastle Help File Builder\PresentationStyles\VS2005\icons\pubenum.gif -&gt; C:\Users\Joseph\Google Drive\Dropbox\GitHub\XDataFiWebService\XdataFioffline\docSandCastel\DocInterface\Help\Working\Output\Website\icons\pubenum.gif
C:\Program Files (x86)\EWSoftware\Sandcastle Help File Builder\PresentationStyles\VS2005\icons\pubenumeration.gif -&gt; C:\Users\Joseph\Google Drive\Dropbox\GitHub\XDataFiWebService\XdataFioffline\docSandCastel\DocInterface\Help\Working\Output\Website\icons\pubenumeration.gif
C:\Program Files (x86)\EWSoftware\Sandcastle Help File Builder\PresentationStyles\VS2005\icons\pubevent.gif -&gt; C:\Users\Joseph\Google Drive\Dropbox\GitHub\XDataFiWebService\XdataFioffline\docSandCastel\DocInterface\Help\Working\Output\Website\icons\pubevent.gif
C:\Program Files (x86)\EWSoftware\Sandcastle Help File Builder\PresentationStyles\VS2005\icons\pubextension.gif -&gt; C:\Users\Joseph\Google Drive\Dropbox\GitHub\XDataFiWebService\XdataFioffline\docSandCastel\DocInterface\Help\Working\Output\Website\icons\pubextension.gif
C:\Program Files (x86)\EWSoftware\Sandcastle Help File Builder\PresentationStyles\VS2005\icons\pubfield.gif -&gt; C:\Users\Joseph\Google Drive\Dropbox\GitHub\XDataFiWebService\XdataFioffline\docSandCastel\DocInterface\Help\Working\Output\Website\icons\pubfield.gif
C:\Program Files (x86)\EWSoftware\Sandcastle Help File Builder\PresentationStyles\VS2005\icons\pubinterface.gif -&gt; C:\Users\Joseph\Google Drive\Dropbox\GitHub\XDataFiWebService\XdataFioffline\docSandCastel\DocInterface\Help\Working\Output\Website\icons\pubinterface.gif
C:\Program Files (x86)\EWSoftware\Sandcastle Help File Builder\PresentationStyles\VS2005\icons\pubmethod.gif -&gt; C:\Users\Joseph\Google Drive\Dropbox\GitHub\XDataFiWebService\XdataFioffline\docSandCastel\DocInterface\Help\Working\Output\Website\icons\pubmethod.gif
C:\Program Files (x86)\EWSoftware\Sandcastle Help File Builder\PresentationStyles\VS2005\icons\puboperator.gif -&gt; C:\Users\Joseph\Google Drive\Dropbox\GitHub\XDataFiWebService\XdataFioffline\docSandCastel\DocInterface\Help\Working\Output\Website\icons\puboperator.gif
C:\Program Files (x86)\EWSoftware\Sandcastle Help File Builder\PresentationStyles\VS2005\icons\pubproperty.gif -&gt; C:\Users\Joseph\Google Drive\Dropbox\GitHub\XDataFiWebService\XdataFioffline\docSandCastel\DocInterface\Help\Working\Output\Website\icons\pubproperty.gif
C:\Program Files (x86)\EWSoftware\Sandcastle Help File Builder\PresentationStyles\VS2005\icons\pubstructure.gif -&gt; C:\Users\Joseph\Google Drive\Dropbox\GitHub\XDataFiWebService\XdataFioffline\docSandCastel\DocInterface\Help\Working\Output\Website\icons\pubstructure.gif
C:\Program Files (x86)\EWSoftware\Sandcastle Help File Builder\PresentationStyles\VS2005\icons\requirements1a.gif -&gt; C:\Users\Joseph\Google Drive\Dropbox\GitHub\XDataFiWebService\XdataFioffline\docSandCastel\DocInterface\Help\Working\Output\Website\icons\requirements1a.gif
C:\Program Files (x86)\EWSoftware\Sandcastle Help File Builder\PresentationStyles\VS2005\icons\requirements1c.gif -&gt; C:\Users\Joseph\Google Drive\Dropbox\GitHub\XDataFiWebService\XdataFioffline\docSandCastel\DocInterface\Help\Working\Output\Website\icons\requirements1c.gif
C:\Program Files (x86)\EWSoftware\Sandcastle Help File Builder\PresentationStyles\VS2005\icons\save.gif -&gt; C:\Users\Joseph\Google Drive\Dropbox\GitHub\XDataFiWebService\XdataFioffline\docSandCastel\DocInterface\Help\Working\Output\Website\icons\save.gif
C:\Program Files (x86)\EWSoftware\Sandcastle Help File Builder\PresentationStyles\VS2005\icons\save_hover.gif -&gt; C:\Users\Joseph\Google Drive\Dropbox\GitHub\XDataFiWebService\XdataFioffline\docSandCastel\DocInterface\Help\Working\Output\Website\icons\save_hover.gif
C:\Program Files (x86)\EWSoftware\Sandcastle Help File Builder\PresentationStyles\VS2005\icons\security.gif -&gt; C:\Users\Joseph\Google Drive\Dropbox\GitHub\XDataFiWebService\XdataFioffline\docSandCastel\DocInterface\Help\Working\Output\Website\icons\security.gif
C:\Program Files (x86)\EWSoftware\Sandcastle Help File Builder\PresentationStyles\VS2005\icons\seealso1a.gif -&gt; C:\Users\Joseph\Google Drive\Dropbox\GitHub\XDataFiWebService\XdataFioffline\docSandCastel\DocInterface\Help\Working\Output\Website\icons\seealso1a.gif
C:\Program Files (x86)\EWSoftware\Sandcastle Help File Builder\PresentationStyles\VS2005\icons\seealso1c.gif -&gt; C:\Users\Joseph\Google Drive\Dropbox\GitHub\XDataFiWebService\XdataFioffline\docSandCastel\DocInterface\Help\Working\Output\Website\icons\seealso1c.gif
C:\Program Files (x86)\EWSoftware\Sandcastle Help File Builder\PresentationStyles\VS2005\icons\slMobile.gif -&gt; C:\Users\Joseph\Google Drive\Dropbox\GitHub\XDataFiWebService\XdataFioffline\docSandCastel\DocInterface\Help\Working\Output\Website\icons\slMobile.gif
C:\Program Files (x86)\EWSoftware\Sandcastle Help File Builder\PresentationStyles\VS2005\icons\static.gif -&gt; C:\Users\Joseph\Google Drive\Dropbox\GitHub\XDataFiWebService\XdataFioffline\docSandCastel\DocInterface\Help\Working\Output\Website\icons\static.gif
C:\Program Files (x86)\EWSoftware\Sandcastle Help File Builder\PresentationStyles\VS2005\icons\xna.gif -&gt; C:\Users\Joseph\Google Drive\Dropbox\GitHub\XDataFiWebService\XdataFioffline\docSandCastel\DocInterface\Help\Working\Output\Website\icons\xna.gif
C:\Program Files (x86)\EWSoftware\Sandcastle Help File Builder\PresentationStyles\VS2005\scripts\CheckboxMenu.js -&gt; C:\Users\Joseph\Google Drive\Dropbox\GitHub\XDataFiWebService\XdataFioffline\docSandCastel\DocInterface\Help\Working\Output\Website\scripts\CheckboxMenu.js
C:\Program Files (x86)\EWSoftware\Sandcastle Help File Builder\PresentationStyles\VS2005\scripts\CommonUtilities.js -&gt; C:\Users\Joseph\Google Drive\Dropbox\GitHub\XDataFiWebService\XdataFioffline\docSandCastel\DocInterface\Help\Working\Output\Website\scripts\CommonUtilities.js
C:\Program Files (x86)\EWSoftware\Sandcastle Help File Builder\PresentationStyles\VS2005\scripts\Dropdown.js -&gt; C:\Users\Joseph\Google Drive\Dropbox\GitHub\XDataFiWebService\XdataFioffline\docSandCastel\DocInterface\Help\Working\Output\Website\scripts\Dropdown.js
C:\Program Files (x86)\EWSoftware\Sandcastle Help File Builder\PresentationStyles\VS2005\scripts\EventUtilities.js -&gt; C:\Users\Joseph\Google Drive\Dropbox\GitHub\XDataFiWebService\XdataFioffline\docSandCastel\DocInterface\Help\Working\Output\Website\scripts\EventUtilities.js
C:\Program Files (x86)\EWSoftware\Sandcastle Help File Builder\PresentationStyles\VS2005\scripts\script_feedBack.js -&gt; C:\Users\Joseph\Google Drive\Dropbox\GitHub\XDataFiWebService\XdataFioffline\docSandCastel\DocInterface\Help\Working\Output\Website\scripts\script_feedBack.js
C:\Program Files (x86)\EWSoftware\Sandcastle Help File Builder\PresentationStyles\VS2005\scripts\script_manifold.js -&gt; C:\Users\Joseph\Google Drive\Dropbox\GitHub\XDataFiWebService\XdataFioffline\docSandCastel\DocInterface\Help\Working\Output\Website\scripts\script_manifold.js
C:\Program Files (x86)\EWSoftware\Sandcastle Help File Builder\PresentationStyles\VS2005\scripts\SplitScreen.js -&gt; C:\Users\Joseph\Google Drive\Dropbox\GitHub\XDataFiWebService\XdataFioffline\docSandCastel\DocInterface\Help\Working\Output\Website\scripts\SplitScreen.js
C:\Program Files (x86)\EWSoftware\Sandcastle Help File Builder\PresentationStyles\VS2005\styles\Presentation.css -&gt; C:\Users\Joseph\Google Drive\Dropbox\GitHub\XDataFiWebService\XdataFioffline\docSandCastel\DocInterface\Help\Working\Output\Website\styles\Presentation.css
C:\Program Files (x86)\EWSoftware\Sandcastle Help File Builder\\Web\CloseSearch.png -&gt; C:\Users\Joseph\Google Drive\Dropbox\GitHub\XDataFiWebService\XdataFioffline\docSandCastel\DocInterface\Help\Working\Output\Website\.\CloseSearch.png
C:\Program Files (x86)\EWSoftware\Sandcastle Help File Builder\\Web\CollapseAll.png -&gt; C:\Users\Joseph\Google Drive\Dropbox\GitHub\XDataFiWebService\XdataFioffline\docSandCastel\DocInterface\Help\Working\Output\Website\.\CollapseAll.png
C:\Program Files (x86)\EWSoftware\Sandcastle Help File Builder\\Web\Collapsed.gif -&gt; C:\Users\Joseph\Google Drive\Dropbox\GitHub\XDataFiWebService\XdataFioffline\docSandCastel\DocInterface\Help\Working\Output\Website\.\Collapsed.gif
C:\Program Files (x86)\EWSoftware\Sandcastle Help File Builder\\Web\Expanded.gif -&gt; C:\Users\Joseph\Google Drive\Dropbox\GitHub\XDataFiWebService\XdataFioffline\docSandCastel\DocInterface\Help\Working\Output\Website\.\Expanded.gif
C:\Program Files (x86)\EWSoftware\Sandcastle Help File Builder\\Web\favicon.ico -&gt; C:\Users\Joseph\Google Drive\Dropbox\GitHub\XDataFiWebService\XdataFioffline\docSandCastel\DocInterface\Help\Working\Output\Website\.\favicon.ico
C:\Program Files (x86)\EWSoftware\Sandcastle Help File Builder\\Web\FillNode.aspx -&gt; C:\Users\Joseph\Google Drive\Dropbox\GitHub\XDataFiWebService\XdataFioffline\docSandCastel\DocInterface\Help\Working\Output\Website\.\FillNode.aspx
C:\Program Files (x86)\EWSoftware\Sandcastle Help File Builder\\Web\FillNode.php -&gt; C:\Users\Joseph\Google Drive\Dropbox\GitHub\XDataFiWebService\XdataFioffline\docSandCastel\DocInterface\Help\Working\Output\Website\.\FillNode.php
C:\Program Files (x86)\EWSoftware\Sandcastle Help File Builder\\Web\Index.aspx -&gt; C:\Users\Joseph\Google Drive\Dropbox\GitHub\XDataFiWebService\XdataFioffline\docSandCastel\DocInterface\Help\Working\Output\Website\.\Index.aspx
C:\Program Files (x86)\EWSoftware\Sandcastle Help File Builder\\Web\Index.gif -&gt; C:\Users\Joseph\Google Drive\Dropbox\GitHub\XDataFiWebService\XdataFioffline\docSandCastel\DocInterface\Help\Working\Output\Website\.\Index.gif
C:\Program Files (x86)\EWSoftware\Sandcastle Help File Builder\\Web\index.html -&gt; C:\Users\Joseph\Google Drive\Dropbox\GitHub\XDataFiWebService\XdataFioffline\docSandCastel\DocInterface\Help\Working\Output\Website\.\index.html
C:\Program Files (x86)\EWSoftware\Sandcastle Help File Builder\\Web\index.php -&gt; C:\Users\Joseph\Google Drive\Dropbox\GitHub\XDataFiWebService\XdataFioffline\docSandCastel\DocInterface\Help\Working\Output\Website\.\index.php
C:\Program Files (x86)\EWSoftware\Sandcastle Help File Builder\\Web\Item.gif -&gt; C:\Users\Joseph\Google Drive\Dropbox\GitHub\XDataFiWebService\XdataFioffline\docSandCastel\DocInterface\Help\Working\Output\Website\.\Item.gif
C:\Program Files (x86)\EWSoftware\Sandcastle Help File Builder\\Web\LoadIndexKeywords.aspx -&gt; C:\Users\Joseph\Google Drive\Dropbox\GitHub\XDataFiWebService\XdataFioffline\docSandCastel\DocInterface\Help\Working\Output\Website\.\LoadIndexKeywords.aspx
C:\Program Files (x86)\EWSoftware\Sandcastle Help File Builder\\Web\LoadIndexKeywords.php -&gt; C:\Users\Joseph\Google Drive\Dropbox\GitHub\XDataFiWebService\XdataFioffline\docSandCastel\DocInterface\Help\Working\Output\Website\.\LoadIndexKeywords.php
C:\Program Files (x86)\EWSoftware\Sandcastle Help File Builder\\Web\Search.gif -&gt; C:\Users\Joseph\Google Drive\Dropbox\GitHub\XDataFiWebService\XdataFioffline\docSandCastel\DocInterface\Help\Working\Output\Website\.\Search.gif
C:\Program Files (x86)\EWSoftware\Sandcastle Help File Builder\\Web\SearchHelp.aspx -&gt; C:\Users\Joseph\Google Drive\Dropbox\GitHub\XDataFiWebService\XdataFioffline\docSandCastel\DocInterface\Help\Working\Output\Website\.\SearchHelp.aspx
C:\Program Files (x86)\EWSoftware\Sandcastle Help File Builder\\Web\SearchHelp.inc.php -&gt; C:\Users\Joseph\Google Drive\Dropbox\GitHub\XDataFiWebService\XdataFioffline\docSandCastel\DocInterface\Help\Working\Output\Website\.\SearchHelp.inc.php
C:\Program Files (x86)\EWSoftware\Sandcastle Help File Builder\\Web\SearchHelp.php -&gt; C:\Users\Joseph\Google Drive\Dropbox\GitHub\XDataFiWebService\XdataFioffline\docSandCastel\DocInterface\Help\Working\Output\Website\.\SearchHelp.php
C:\Program Files (x86)\EWSoftware\Sandcastle Help File Builder\\Web\Splitter.gif -&gt; C:\Users\Joseph\Google Drive\Dropbox\GitHub\XDataFiWebService\XdataFioffline\docSandCastel\DocInterface\Help\Working\Output\Website\.\Splitter.gif
C:\Program Files (x86)\EWSoftware\Sandcastle Help File Builder\\Web\SyncTOC.gif -&gt; C:\Users\Joseph\Google Drive\Dropbox\GitHub\XDataFiWebService\XdataFioffline\docSandCastel\DocInterface\Help\Working\Output\Website\.\SyncTOC.gif
C:\Program Files (x86)\EWSoftware\Sandcastle Help File Builder\\Web\TOC.css -&gt; C:\Users\Joseph\Google Drive\Dropbox\GitHub\XDataFiWebService\XdataFioffline\docSandCastel\DocInterface\Help\Working\Output\Website\.\TOC.css
C:\Program Files (x86)\EWSoftware\Sandcastle Help File Builder\\Web\TOC.js -&gt; C:\Users\Joseph\Google Drive\Dropbox\GitHub\XDataFiWebService\XdataFioffline\docSandCastel\DocInterface\Help\Working\Output\Website\.\TOC.js
C:\Program Files (x86)\EWSoftware\Sandcastle Help File Builder\\Web\Web.Config -&gt; C:\Users\Joseph\Google Drive\Dropbox\GitHub\XDataFiWebService\XdataFioffline\docSandCastel\DocInterface\Help\Working\Output\Website\.\Web.Config
    Last step completed in 00:00:01.0701
</buildStep>
<buildStep step="GenerateHelpFormatTableOfContents">
Generating website table of contents file...
    Last step completed in 00:00:00.0030
</buildStep>
<buildStep step="GenerateFullTextIndex">
Generating full-text index for the website...

    Last step completed in 00:00:05.0773
</buildStep>
<buildStep step="CopyingWebsiteFiles">
Copying website files to output folder...

Copied 100 files
Copied 200 files
Copied 300 files
Copied 325 files for the website content
    Last step completed in 00:00:01.8051
</buildStep>
<buildStep step="CleanIntermediates">
Removing intermediate files...
    Last step completed in 00:00:00.2890
</buildStep>
<buildStep step="Completed">

Build completed successfully at 05/30/2014 07:48 .  Total time: 00:09:05,0991

</buildStep>
</shfbBuild>
